[ 2016-08-08T00:06:05+08:00 ] 127.0.0.1 /shop.com/index.php/Admin/Goods/addGoods
INFO: [ app_init ] --START--
INFO: Run Behavior\BuildLiteBehavior [ RunTime:0.000007s ]
INFO: [ app_init ] --END-- [ RunTime:0.000099s ]
INFO: [ app_begin ] --START--
INFO: Run Behavior\ReadHtmlCacheBehavior [ RunTime:0.000027s ]
INFO: [ app_begin ] --END-- [ RunTime:0.000042s ]
INFO: [ view_parse ] --START--
INFO: [ template_filter ] --START--
INFO: Run Behavior\ContentReplaceBehavior [ RunTime:0.000045s ]
INFO: [ template_filter ] --END-- [ RunTime:0.000069s ]
NOTIC: [8] Undefined variable: cat_list /var/www/html/shop.com/Application/Runtime/Cache/Admin/c74fb0c111dc216c19c7bf766c95f466.php 第 41 行.
NOTIC: [8] Undefined variable: brand_list /var/www/html/shop.com/Application/Runtime/Cache/Admin/c74fb0c111dc216c19c7bf766c95f466.php 第 51 行.
INFO: Run Behavior\ParseTemplateBehavior [ RunTime:0.001643s ]
INFO: [ view_parse ] --END-- [ RunTime:0.001659s ]
INFO: [ view_filter ] --START--
INFO: Run Behavior\WriteHtmlCacheBehavior [ RunTime:0.000026s ]
INFO: [ view_filter ] --END-- [ RunTime:0.000038s ]
INFO: [ app_end ] --START--
INFO: Run Behavior\ShowPageTraceBehavior [ RunTime:0.000022s ]
INFO: [ app_end ] --END-- [ RunTime:0.000034s ]

[ 2016-08-08T00:06:14+08:00 ] 127.0.0.1 /shop.com/index.php/Admin/Goods/addGoods
INFO: [ app_init ] --START--
INFO: Run Behavior\BuildLiteBehavior [ RunTime:0.000007s ]
INFO: [ app_init ] --END-- [ RunTime:0.000054s ]
INFO: [ app_begin ] --START--
INFO: Run Behavior\ReadHtmlCacheBehavior [ RunTime:0.000020s ]
INFO: [ app_begin ] --END-- [ RunTime:0.000035s ]
SQL: SHOW COLUMNS FROM `xz_goods` [ RunTime:0.0010s ]
NOTIC: [8] Undefined index: validate /var/www/html/shop.com/ThinkPHP/Library/Think/Model.class.php 第 1185 行.
NOTIC: [8] Undefined index: auto /var/www/html/shop.com/ThinkPHP/Library/Think/Model.class.php 第 1128 行.
NOTIC: [2] call_user_func() expects parameter 1 to be a valid callback, no array or string given /var/www/html/shop.com/ThinkPHP/Library/Think/Upload.class.php 第 170 行.

[ 2016-08-08T00:07:44+08:00 ] 127.0.0.1 /shop.com/index.php/Admin/Goods/addGoods
INFO: [ app_init ] --START--
INFO: Run Behavior\BuildLiteBehavior [ RunTime:0.000008s ]
INFO: [ app_init ] --END-- [ RunTime:0.000071s ]
INFO: [ app_begin ] --START--
INFO: Run Behavior\ReadHtmlCacheBehavior [ RunTime:0.000021s ]
INFO: [ app_begin ] --END-- [ RunTime:0.000036s ]
SQL: SHOW COLUMNS FROM `xz_goods` [ RunTime:0.0008s ]
NOTIC: [8] Undefined index: validate /var/www/html/shop.com/ThinkPHP/Library/Think/Model.class.php 第 1185 行.
NOTIC: [8] Undefined index: auto /var/www/html/shop.com/ThinkPHP/Library/Think/Model.class.php 第 1128 行.
NOTIC: [2] call_user_func() expects parameter 1 to be a valid callback, no array or string given /var/www/html/shop.com/ThinkPHP/Library/Think/Upload.class.php 第 170 行.

[ 2016-08-08T00:07:48+08:00 ] 127.0.0.1 /shop.com/index.php/Admin/Goods/addGoods
INFO: [ app_init ] --START--
INFO: Run Behavior\BuildLiteBehavior [ RunTime:0.000007s ]
INFO: [ app_init ] --END-- [ RunTime:0.000050s ]
INFO: [ app_begin ] --START--
INFO: Run Behavior\ReadHtmlCacheBehavior [ RunTime:0.000020s ]
INFO: [ app_begin ] --END-- [ RunTime:0.000035s ]
INFO: [ view_parse ] --START--
INFO: [ template_filter ] --START--
INFO: Run Behavior\ContentReplaceBehavior [ RunTime:0.000041s ]
INFO: [ template_filter ] --END-- [ RunTime:0.000064s ]
NOTIC: [8] Undefined variable: cat_list /var/www/html/shop.com/Application/Runtime/Cache/Admin/c74fb0c111dc216c19c7bf766c95f466.php 第 41 行.
NOTIC: [8] Undefined variable: brand_list /var/www/html/shop.com/Application/Runtime/Cache/Admin/c74fb0c111dc216c19c7bf766c95f466.php 第 51 行.
INFO: Run Behavior\ParseTemplateBehavior [ RunTime:0.003155s ]
INFO: [ view_parse ] --END-- [ RunTime:0.003179s ]
INFO: [ view_filter ] --START--
INFO: Run Behavior\WriteHtmlCacheBehavior [ RunTime:0.000036s ]
INFO: [ view_filter ] --END-- [ RunTime:0.000048s ]
INFO: [ app_end ] --START--
INFO: Run Behavior\ShowPageTraceBehavior [ RunTime:0.000022s ]
INFO: [ app_end ] --END-- [ RunTime:0.000035s ]

[ 2016-08-08T00:07:49+08:00 ] 127.0.0.1 /shop.com/index.php/Admin/Goods/addGoods
INFO: [ app_init ] --START--
INFO: Run Behavior\BuildLiteBehavior [ RunTime:0.000006s ]
INFO: [ app_init ] --END-- [ RunTime:0.000042s ]
INFO: [ app_begin ] --START--
INFO: Run Behavior\ReadHtmlCacheBehavior [ RunTime:0.000016s ]
INFO: [ app_begin ] --END-- [ RunTime:0.000032s ]
INFO: [ view_parse ] --START--
INFO: [ template_filter ] --START--
INFO: Run Behavior\ContentReplaceBehavior [ RunTime:0.000042s ]
INFO: [ template_filter ] --END-- [ RunTime:0.000068s ]
NOTIC: [8] Undefined variable: cat_list /var/www/html/shop.com/Application/Runtime/Cache/Admin/c74fb0c111dc216c19c7bf766c95f466.php 第 41 行.
NOTIC: [8] Undefined variable: brand_list /var/www/html/shop.com/Application/Runtime/Cache/Admin/c74fb0c111dc216c19c7bf766c95f466.php 第 51 行.
INFO: Run Behavior\ParseTemplateBehavior [ RunTime:0.002081s ]
INFO: [ view_parse ] --END-- [ RunTime:0.002106s ]
INFO: [ view_filter ] --START--
INFO: Run Behavior\WriteHtmlCacheBehavior [ RunTime:0.000030s ]
INFO: [ view_filter ] --END-- [ RunTime:0.000043s ]
INFO: [ app_end ] --START--
INFO: Run Behavior\ShowPageTraceBehavior [ RunTime:0.000020s ]
INFO: [ app_end ] --END-- [ RunTime:0.000035s ]

[ 2016-08-08T00:07:50+08:00 ] 127.0.0.1 /shop.com/index.php/Admin/Goods/addGoods
INFO: [ app_init ] --START--
INFO: Run Behavior\BuildLiteBehavior [ RunTime:0.000006s ]
INFO: [ app_init ] --END-- [ RunTime:0.000040s ]
INFO: [ app_begin ] --START--
INFO: Run Behavior\ReadHtmlCacheBehavior [ RunTime:0.000016s ]
INFO: [ app_begin ] --END-- [ RunTime:0.000031s ]
SQL: SHOW COLUMNS FROM `xz_goods` [ RunTime:0.0009s ]
NOTIC: [8] Undefined index: validate /var/www/html/shop.com/ThinkPHP/Library/Think/Model.class.php 第 1185 行.
NOTIC: [8] Undefined index: auto /var/www/html/shop.com/ThinkPHP/Library/Think/Model.class.php 第 1128 行.
NOTIC: [2] call_user_func() expects parameter 1 to be a valid callback, no array or string given /var/www/html/shop.com/ThinkPHP/Library/Think/Upload.class.php 第 170 行.

[ 2016-08-08T00:08:48+08:00 ] 127.0.0.1 /shop.com/index.php/Admin/Goods/addGoods
INFO: [ app_init ] --START--
INFO: Run Behavior\BuildLiteBehavior [ RunTime:0.000007s ]
INFO: [ app_init ] --END-- [ RunTime:0.000051s ]
INFO: [ app_begin ] --START--
INFO: Run Behavior\ReadHtmlCacheBehavior [ RunTime:0.000020s ]
INFO: [ app_begin ] --END-- [ RunTime:0.000034s ]
INFO: [ view_parse ] --START--
INFO: [ template_filter ] --START--
INFO: Run Behavior\ContentReplaceBehavior [ RunTime:0.000044s ]
INFO: [ template_filter ] --END-- [ RunTime:0.000076s ]
NOTIC: [8] Undefined variable: cat_list /var/www/html/shop.com/Application/Runtime/Cache/Admin/c74fb0c111dc216c19c7bf766c95f466.php 第 41 行.
NOTIC: [8] Undefined variable: brand_list /var/www/html/shop.com/Application/Runtime/Cache/Admin/c74fb0c111dc216c19c7bf766c95f466.php 第 51 行.
INFO: Run Behavior\ParseTemplateBehavior [ RunTime:0.004064s ]
INFO: [ view_parse ] --END-- [ RunTime:0.004082s ]
INFO: [ view_filter ] --START--
INFO: Run Behavior\WriteHtmlCacheBehavior [ RunTime:0.000039s ]
INFO: [ view_filter ] --END-- [ RunTime:0.000051s ]
INFO: [ app_end ] --START--
INFO: Run Behavior\ShowPageTraceBehavior [ RunTime:0.000021s ]
INFO: [ app_end ] --END-- [ RunTime:0.000033s ]

[ 2016-08-08T00:08:49+08:00 ] 127.0.0.1 /shop.com/index.php/Admin/Goods/addGoods
INFO: [ app_init ] --START--
INFO: Run Behavior\BuildLiteBehavior [ RunTime:0.000006s ]
INFO: [ app_init ] --END-- [ RunTime:0.000041s ]
INFO: [ app_begin ] --START--
INFO: Run Behavior\ReadHtmlCacheBehavior [ RunTime:0.000017s ]
INFO: [ app_begin ] --END-- [ RunTime:0.000032s ]
INFO: [ view_parse ] --START--
INFO: [ template_filter ] --START--
INFO: Run Behavior\ContentReplaceBehavior [ RunTime:0.000038s ]
INFO: [ template_filter ] --END-- [ RunTime:0.000059s ]
NOTIC: [8] Undefined variable: cat_list /var/www/html/shop.com/Application/Runtime/Cache/Admin/c74fb0c111dc216c19c7bf766c95f466.php 第 41 行.
NOTIC: [8] Undefined variable: brand_list /var/www/html/shop.com/Application/Runtime/Cache/Admin/c74fb0c111dc216c19c7bf766c95f466.php 第 51 行.
INFO: Run Behavior\ParseTemplateBehavior [ RunTime:0.002270s ]
INFO: [ view_parse ] --END-- [ RunTime:0.002291s ]
INFO: [ view_filter ] --START--
INFO: Run Behavior\WriteHtmlCacheBehavior [ RunTime:0.000032s ]
INFO: [ view_filter ] --END-- [ RunTime:0.000043s ]
INFO: [ app_end ] --START--
INFO: Run Behavior\ShowPageTraceBehavior [ RunTime:0.000016s ]
INFO: [ app_end ] --END-- [ RunTime:0.000028s ]

[ 2016-08-08T00:08:50+08:00 ] 127.0.0.1 /shop.com/index.php/Admin/Goods/addGoods
INFO: [ app_init ] --START--
INFO: Run Behavior\BuildLiteBehavior [ RunTime:0.000006s ]
INFO: [ app_init ] --END-- [ RunTime:0.000039s ]
INFO: [ app_begin ] --START--
INFO: Run Behavior\ReadHtmlCacheBehavior [ RunTime:0.000018s ]
INFO: [ app_begin ] --END-- [ RunTime:0.000036s ]
SQL: SHOW COLUMNS FROM `xz_goods` [ RunTime:0.0008s ]
NOTIC: [8] Undefined index: validate /var/www/html/shop.com/ThinkPHP/Library/Think/Model.class.php 第 1185 行.
NOTIC: [8] Undefined index: auto /var/www/html/shop.com/ThinkPHP/Library/Think/Model.class.php 第 1128 行.
NOTIC: [2] call_user_func() expects parameter 1 to be a valid callback, no array or string given /var/www/html/shop.com/ThinkPHP/Library/Think/Upload.class.php 第 170 行.
ERR: Call to undefined function imagecreatefromjpeg()

[ 2016-08-08T00:12:20+08:00 ] 127.0.0.1 /shop.com/index.php/Admin/Goods/addGoods
INFO: [ app_init ] --START--
INFO: Run Behavior\BuildLiteBehavior [ RunTime:0.000013s ]
INFO: [ app_init ] --END-- [ RunTime:0.007388s ]
INFO: [ app_begin ] --START--
INFO: Run Behavior\ReadHtmlCacheBehavior [ RunTime:0.001162s ]
INFO: [ app_begin ] --END-- [ RunTime:0.001222s ]
SQL: SHOW COLUMNS FROM `xz_goods` [ RunTime:0.0243s ]
NOTIC: [8] Undefined index: validate /var/www/html/shop.com/ThinkPHP/Library/Think/Model.class.php 第 1185 行.
NOTIC: [8] Undefined index: auto /var/www/html/shop.com/ThinkPHP/Library/Think/Model.class.php 第 1128 行.
NOTIC: [2] call_user_func() expects parameter 1 to be a valid callback, no array or string given /var/www/html/shop.com/ThinkPHP/Library/Think/Upload.class.php 第 170 行.

[ 2016-08-08T00:15:59+08:00 ] 127.0.0.1 /shop.com/index.php/Admin/Goods/addGoods
INFO: [ app_init ] --START--
INFO: Run Behavior\BuildLiteBehavior [ RunTime:0.000009s ]
INFO: [ app_init ] --END-- [ RunTime:0.000082s ]
INFO: [ app_begin ] --START--
INFO: Run Behavior\ReadHtmlCacheBehavior [ RunTime:0.000036s ]
INFO: [ app_begin ] --END-- [ RunTime:0.000053s ]
SQL: SHOW COLUMNS FROM `xz_goods` [ RunTime:0.0029s ]
NOTIC: [8] Undefined index: validate /var/www/html/shop.com/ThinkPHP/Library/Think/Model.class.php 第 1185 行.
NOTIC: [8] Undefined index: auto /var/www/html/shop.com/ThinkPHP/Library/Think/Model.class.php 第 1128 行.
NOTIC: [2] call_user_func() expects parameter 1 to be a valid callback, no array or string given /var/www/html/shop.com/ThinkPHP/Library/Think/Upload.class.php 第 170 行.
SQL: INSERT INTO `xz_goods` (`goods_name`,`shop_price`,`is_on_sale`,`market_price`,`goods_desc`) VALUES ('阿斯顿','111','是','012313','&lt;p&gt;萨达阿三大大&lt;br/&gt;&lt;/p&gt;') [ RunTime:0.0068s ]
INFO: [ view_parse ] --START--
INFO: [ template_filter ] --START--
INFO: Run Behavior\ContentReplaceBehavior [ RunTime:0.001259s ]
INFO: [ template_filter ] --END-- [ RunTime:0.001321s ]
INFO: Run Behavior\ParseTemplateBehavior [ RunTime:0.017973s ]
INFO: [ view_parse ] --END-- [ RunTime:0.017994s ]
INFO: [ view_filter ] --START--
INFO: Run Behavior\WriteHtmlCacheBehavior [ RunTime:0.000169s ]
INFO: [ view_filter ] --END-- [ RunTime:0.000185s ]

[ 2016-08-08T00:16:02+08:00 ] 127.0.0.1 /shop.com/index.php/Admin/Goods/goodsList.html
INFO: [ app_init ] --START--
INFO: Run Behavior\BuildLiteBehavior [ RunTime:0.000007s ]
INFO: [ app_init ] --END-- [ RunTime:0.000060s ]
INFO: [ app_begin ] --START--
INFO: Run Behavior\ReadHtmlCacheBehavior [ RunTime:0.000019s ]
INFO: [ app_begin ] --END-- [ RunTime:0.000034s ]
INFO: [ app_end ] --START--
INFO: Run Behavior\ShowPageTraceBehavior [ RunTime:0.000544s ]
INFO: [ app_end ] --END-- [ RunTime:0.000567s ]

[ 2016-08-08T00:18:44+08:00 ] 127.0.0.1 /shop.com/index.php/Admin/Goods/addGoods
INFO: [ app_init ] --START--
INFO: Run Behavior\BuildLiteBehavior [ RunTime:0.000009s ]
INFO: [ app_init ] --END-- [ RunTime:0.000088s ]
INFO: [ app_begin ] --START--
INFO: Run Behavior\ReadHtmlCacheBehavior [ RunTime:0.000026s ]
INFO: [ app_begin ] --END-- [ RunTime:0.000043s ]
INFO: [ view_parse ] --START--
INFO: [ template_filter ] --START--
INFO: Run Behavior\ContentReplaceBehavior [ RunTime:0.000043s ]
INFO: [ template_filter ] --END-- [ RunTime:0.000072s ]
NOTIC: [8] Undefined variable: cat_list /var/www/html/shop.com/Application/Runtime/Cache/Admin/c74fb0c111dc216c19c7bf766c95f466.php 第 41 行.
NOTIC: [8] Undefined variable: brand_list /var/www/html/shop.com/Application/Runtime/Cache/Admin/c74fb0c111dc216c19c7bf766c95f466.php 第 51 行.
INFO: Run Behavior\ParseTemplateBehavior [ RunTime:0.007972s ]
INFO: [ view_parse ] --END-- [ RunTime:0.008001s ]
INFO: [ view_filter ] --START--
INFO: Run Behavior\WriteHtmlCacheBehavior [ RunTime:0.000038s ]
INFO: [ view_filter ] --END-- [ RunTime:0.000050s ]
INFO: [ app_end ] --START--
INFO: Run Behavior\ShowPageTraceBehavior [ RunTime:0.000023s ]
INFO: [ app_end ] --END-- [ RunTime:0.000036s ]

[ 2016-08-08T00:18:51+08:00 ] 127.0.0.1 /shop.com/index.php/Admin/Goods/addGoods
INFO: [ app_init ] --START--
INFO: Run Behavior\BuildLiteBehavior [ RunTime:0.000006s ]
INFO: [ app_init ] --END-- [ RunTime:0.000054s ]
INFO: [ app_begin ] --START--
INFO: Run Behavior\ReadHtmlCacheBehavior [ RunTime:0.000019s ]
INFO: [ app_begin ] --END-- [ RunTime:0.000035s ]
SQL: SHOW COLUMNS FROM `xz_goods` [ RunTime:0.0015s ]
NOTIC: [8] Undefined index: validate /var/www/html/shop.com/ThinkPHP/Library/Think/Model.class.php 第 1185 行.
NOTIC: [8] Undefined index: auto /var/www/html/shop.com/ThinkPHP/Library/Think/Model.class.php 第 1128 行.
NOTIC: [2] call_user_func() expects parameter 1 to be a valid callback, no array or string given /var/www/html/shop.com/ThinkPHP/Library/Think/Upload.class.php 第 170 行.
SQL: INSERT INTO `xz_goods` (`goods_name`,`shop_price`,`is_on_sale`,`market_price`,`goods_desc`) VALUES ('阿斯顿','111','是','323','&lt;p&gt;萨达阿三大大1111&lt;br/&gt;&lt;/p&gt;') [ RunTime:0.0051s ]
INFO: [ view_parse ] --START--
INFO: [ template_filter ] --START--
INFO: Run Behavior\ContentReplaceBehavior [ RunTime:0.000023s ]
INFO: [ template_filter ] --END-- [ RunTime:0.000043s ]
INFO: Run Behavior\ParseTemplateBehavior [ RunTime:0.001963s ]
INFO: [ view_parse ] --END-- [ RunTime:0.001987s ]
INFO: [ view_filter ] --START--
INFO: Run Behavior\WriteHtmlCacheBehavior [ RunTime:0.000028s ]
INFO: [ view_filter ] --END-- [ RunTime:0.000040s ]

[ 2016-08-08T00:18:54+08:00 ] 127.0.0.1 /shop.com/index.php/Admin/Goods/goodsList.html
INFO: [ app_init ] --START--
INFO: Run Behavior\BuildLiteBehavior [ RunTime:0.000006s ]
INFO: [ app_init ] --END-- [ RunTime:0.000045s ]
INFO: [ app_begin ] --START--
INFO: Run Behavior\ReadHtmlCacheBehavior [ RunTime:0.000019s ]
INFO: [ app_begin ] --END-- [ RunTime:0.000033s ]
INFO: [ app_end ] --START--
INFO: Run Behavior\ShowPageTraceBehavior [ RunTime:0.000019s ]
INFO: [ app_end ] --END-- [ RunTime:0.000033s ]

[ 2016-08-08T00:20:30+08:00 ] 127.0.0.1 /shop.com/index.php/Admin/Goods/addGoods
INFO: [ app_init ] --START--
INFO: Run Behavior\BuildLiteBehavior [ RunTime:0.000007s ]
INFO: [ app_init ] --END-- [ RunTime:0.000063s ]
INFO: [ app_begin ] --START--
INFO: Run Behavior\ReadHtmlCacheBehavior [ RunTime:0.000033s ]
INFO: [ app_begin ] --END-- [ RunTime:0.000054s ]
INFO: [ view_parse ] --START--
INFO: [ template_filter ] --START--
INFO: Run Behavior\ContentReplaceBehavior [ RunTime:0.000043s ]
INFO: [ template_filter ] --END-- [ RunTime:0.000074s ]
NOTIC: [8] Undefined variable: cat_list /var/www/html/shop.com/Application/Runtime/Cache/Admin/c74fb0c111dc216c19c7bf766c95f466.php 第 41 行.
NOTIC: [8] Undefined variable: brand_list /var/www/html/shop.com/Application/Runtime/Cache/Admin/c74fb0c111dc216c19c7bf766c95f466.php 第 51 行.
INFO: Run Behavior\ParseTemplateBehavior [ RunTime:0.008474s ]
INFO: [ view_parse ] --END-- [ RunTime:0.008520s ]
INFO: [ view_filter ] --START--
INFO: Run Behavior\WriteHtmlCacheBehavior [ RunTime:0.000036s ]
INFO: [ view_filter ] --END-- [ RunTime:0.000048s ]
INFO: [ app_end ] --START--
INFO: Run Behavior\ShowPageTraceBehavior [ RunTime:0.000020s ]
INFO: [ app_end ] --END-- [ RunTime:0.000042s ]

[ 2016-08-08T00:20:31+08:00 ] 127.0.0.1 /shop.com/index.php/Admin/Goods/addGoods
INFO: [ app_init ] --START--
INFO: Run Behavior\BuildLiteBehavior [ RunTime:0.000006s ]
INFO: [ app_init ] --END-- [ RunTime:0.000040s ]
INFO: [ app_begin ] --START--
INFO: Run Behavior\ReadHtmlCacheBehavior [ RunTime:0.000015s ]
INFO: [ app_begin ] --END-- [ RunTime:0.000029s ]
INFO: [ view_parse ] --START--
INFO: [ template_filter ] --START--
INFO: Run Behavior\ContentReplaceBehavior [ RunTime:0.000037s ]
INFO: [ template_filter ] --END-- [ RunTime:0.000053s ]
NOTIC: [8] Undefined variable: cat_list /var/www/html/shop.com/Application/Runtime/Cache/Admin/c74fb0c111dc216c19c7bf766c95f466.php 第 41 行.
NOTIC: [8] Undefined variable: brand_list /var/www/html/shop.com/Application/Runtime/Cache/Admin/c74fb0c111dc216c19c7bf766c95f466.php 第 51 行.
INFO: Run Behavior\ParseTemplateBehavior [ RunTime:0.001689s ]
INFO: [ view_parse ] --END-- [ RunTime:0.001706s ]
INFO: [ view_filter ] --START--
INFO: Run Behavior\WriteHtmlCacheBehavior [ RunTime:0.000023s ]
INFO: [ view_filter ] --END-- [ RunTime:0.000034s ]
INFO: [ app_end ] --START--
INFO: Run Behavior\ShowPageTraceBehavior [ RunTime:0.000016s ]
INFO: [ app_end ] --END-- [ RunTime:0.000027s ]

[ 2016-08-08T00:20:34+08:00 ] 127.0.0.1 /shop.com/index.php/Admin/Goods/addGoods
INFO: [ app_init ] --START--
INFO: Run Behavior\BuildLiteBehavior [ RunTime:0.000006s ]
INFO: [ app_init ] --END-- [ RunTime:0.000043s ]
INFO: [ app_begin ] --START--
INFO: Run Behavior\ReadHtmlCacheBehavior [ RunTime:0.000017s ]
INFO: [ app_begin ] --END-- [ RunTime:0.000031s ]
SQL: SHOW COLUMNS FROM `xz_goods` [ RunTime:0.0008s ]
NOTIC: [8] Undefined index: validate /var/www/html/shop.com/ThinkPHP/Library/Think/Model.class.php 第 1185 行.
NOTIC: [8] Undefined index: auto /var/www/html/shop.com/ThinkPHP/Library/Think/Model.class.php 第 1128 行.
NOTIC: [2] call_user_func() expects parameter 1 to be a valid callback, no array or string given /var/www/html/shop.com/ThinkPHP/Library/Think/Upload.class.php 第 170 行.

[ 2016-08-08T00:21:17+08:00 ] 127.0.0.1 /shop.com/index.php/Admin/Goods/addGoods
INFO: [ app_init ] --START--
INFO: Run Behavior\BuildLiteBehavior [ RunTime:0.000007s ]
INFO: [ app_init ] --END-- [ RunTime:0.000058s ]
INFO: [ app_begin ] --START--
INFO: Run Behavior\ReadHtmlCacheBehavior [ RunTime:0.000021s ]
INFO: [ app_begin ] --END-- [ RunTime:0.000035s ]
INFO: [ view_parse ] --START--
INFO: [ template_filter ] --START--
INFO: Run Behavior\ContentReplaceBehavior [ RunTime:0.000045s ]
INFO: [ template_filter ] --END-- [ RunTime:0.000080s ]
NOTIC: [8] Undefined variable: cat_list /var/www/html/shop.com/Application/Runtime/Cache/Admin/c74fb0c111dc216c19c7bf766c95f466.php 第 41 行.
NOTIC: [8] Undefined variable: brand_list /var/www/html/shop.com/Application/Runtime/Cache/Admin/c74fb0c111dc216c19c7bf766c95f466.php 第 51 行.
INFO: Run Behavior\ParseTemplateBehavior [ RunTime:0.006714s ]
INFO: [ view_parse ] --END-- [ RunTime:0.006730s ]
INFO: [ view_filter ] --START--
INFO: Run Behavior\WriteHtmlCacheBehavior [ RunTime:0.000103s ]
INFO: [ view_filter ] --END-- [ RunTime:0.000119s ]
INFO: [ app_end ] --START--
INFO: Run Behavior\ShowPageTraceBehavior [ RunTime:0.000025s ]
INFO: [ app_end ] --END-- [ RunTime:0.000038s ]

[ 2016-08-08T00:21:19+08:00 ] 127.0.0.1 /shop.com/index.php/Admin/Goods/addGoods
INFO: [ app_init ] --START--
INFO: Run Behavior\BuildLiteBehavior [ RunTime:0.000009s ]
INFO: [ app_init ] --END-- [ RunTime:0.000075s ]
INFO: [ app_begin ] --START--
INFO: Run Behavior\ReadHtmlCacheBehavior [ RunTime:0.000019s ]
INFO: [ app_begin ] --END-- [ RunTime:0.000035s ]
SQL: SHOW COLUMNS FROM `xz_goods` [ RunTime:0.0007s ]
NOTIC: [8] Undefined index: validate /var/www/html/shop.com/ThinkPHP/Library/Think/Model.class.php 第 1185 行.
NOTIC: [8] Undefined index: auto /var/www/html/shop.com/ThinkPHP/Library/Think/Model.class.php 第 1128 行.
NOTIC: [2] call_user_func() expects parameter 1 to be a valid callback, no array or string given /var/www/html/shop.com/ThinkPHP/Library/Think/Upload.class.php 第 170 行.

[ 2016-08-08T00:21:49+08:00 ] 127.0.0.1 /shop.com/index.php/Admin/Goods/addGoods
INFO: [ app_init ] --START--
INFO: Run Behavior\BuildLiteBehavior [ RunTime:0.000006s ]
INFO: [ app_init ] --END-- [ RunTime:0.000049s ]
INFO: [ app_begin ] --START--
INFO: Run Behavior\ReadHtmlCacheBehavior [ RunTime:0.000018s ]
INFO: [ app_begin ] --END-- [ RunTime:0.000033s ]
SQL: SHOW COLUMNS FROM `xz_goods` [ RunTime:0.0008s ]
NOTIC: [8] Undefined index: validate /var/www/html/shop.com/ThinkPHP/Library/Think/Model.class.php 第 1185 行.
NOTIC: [8] Undefined index: auto /var/www/html/shop.com/ThinkPHP/Library/Think/Model.class.php 第 1128 行.
NOTIC: [2] call_user_func() expects parameter 1 to be a valid callback, no array or string given /var/www/html/shop.com/ThinkPHP/Library/Think/Upload.class.php 第 170 行.
SQL: INSERT INTO `xz_goods` (`goods_name`,`shop_price`,`is_on_sale`,`market_price`,`goods_desc`,`logo`,`sm_logo`,`mid_logo`,`big_logo`,`mbig_logo`) VALUES ('哈哈哈','1112','是','32311','&lt;p&gt;萨达阿三大大1111123&lt;br/&gt;&lt;/p&gt;','Goods/2016-08-08/57a7601d1a9dd.jpeg','Goods/2016-08-08/sm_57a7601d1a9dd.jpeg','Goods/2016-08-08/mid_57a7601d1a9dd.jpeg','Goods/2016-08-08/big_57a7601d1a9dd.jpeg','Goods/2016-08-08/mbig_57a7601d1a9dd.jpeg') [ RunTime:0.0075s ]
INFO: [ view_parse ] --START--
INFO: [ template_filter ] --START--
INFO: Run Behavior\ContentReplaceBehavior [ RunTime:0.000024s ]
INFO: [ template_filter ] --END-- [ RunTime:0.000046s ]
INFO: Run Behavior\ParseTemplateBehavior [ RunTime:0.000998s ]
INFO: [ view_parse ] --END-- [ RunTime:0.001024s ]
INFO: [ view_filter ] --START--
INFO: Run Behavior\WriteHtmlCacheBehavior [ RunTime:0.000030s ]
INFO: [ view_filter ] --END-- [ RunTime:0.000042s ]

[ 2016-08-08T00:21:52+08:00 ] 127.0.0.1 /shop.com/index.php/Admin/Goods/goodsList.html
INFO: [ app_init ] --START--
INFO: Run Behavior\BuildLiteBehavior [ RunTime:0.000006s ]
INFO: [ app_init ] --END-- [ RunTime:0.000043s ]
INFO: [ app_begin ] --START--
INFO: Run Behavior\ReadHtmlCacheBehavior [ RunTime:0.000018s ]
INFO: [ app_begin ] --END-- [ RunTime:0.000031s ]
INFO: [ app_end ] --START--
INFO: Run Behavior\ShowPageTraceBehavior [ RunTime:0.000019s ]
INFO: [ app_end ] --END-- [ RunTime:0.000033s ]

